app/(main)/admin/notices/[id]/page.tsx(6,26): error TS7016: Could not find a declaration file for module '@/lib/supabase'. '/Users/dukey/Documents/shufflers8/lib/supabase.js' implicitly has an 'any' type.
app/(main)/matches/page.tsx(28,36): error TS7016: Could not find a declaration file for module '@/components/MobileLoadingState'. '/Users/dukey/Documents/shufflers8/components/MobileLoadingState.js' implicitly has an 'any' type.
app/(main)/notices/page.tsx(93,37): error TS2769: No overload matches this call.
  Overload 1 of 4, '(value: string | number | Date): Date', gave the following error.
    Argument of type 'string | null' is not assignable to parameter of type 'string | number | Date'.
      Type 'null' is not assignable to type 'string | number | Date'.
  Overload 2 of 4, '(value: string | number): Date', gave the following error.
    Argument of type 'string | null' is not assignable to parameter of type 'string | number'.
      Type 'null' is not assignable to type 'string | number'.
app/(main)/players/page.tsx(14,36): error TS7016: Could not find a declaration file for module '@/components/MobileLoadingState'. '/Users/dukey/Documents/shufflers8/components/MobileLoadingState.js' implicitly has an 'any' type.
app/(main)/rankings/page.tsx(27,36): error TS7016: Could not find a declaration file for module '@/components/MobileLoadingState'. '/Users/dukey/Documents/shufflers8/components/MobileLoadingState.js' implicitly has an 'any' type.
app/(main)/register/page.tsx(12,26): error TS7016: Could not find a declaration file for module '@/lib/supabase'. '/Users/dukey/Documents/shufflers8/lib/supabase.js' implicitly has an 'any' type.
app/(main)/teams/page.tsx(20,36): error TS7016: Could not find a declaration file for module '@/components/MobileLoadingState'. '/Users/dukey/Documents/shufflers8/components/MobileLoadingState.js' implicitly has an 'any' type.
app/page.tsx(27,47): error TS2307: Cannot find module './TeamRegisterFile' or its corresponding type declarations.
app/test-simple/page.tsx(92,43): error TS7016: Could not find a declaration file for module '@/lib/supabase'. '/Users/dukey/Documents/shufflers8/lib/supabase.js' implicitly has an 'any' type.
app/test-supabase/page.tsx(6,26): error TS7016: Could not find a declaration file for module '@/lib/supabase'. '/Users/dukey/Documents/shufflers8/lib/supabase.js' implicitly has an 'any' type.
components/AvatarSelector.tsx(7,26): error TS7016: Could not find a declaration file for module '@/lib/supabase'. '/Users/dukey/Documents/shufflers8/lib/supabase.js' implicitly has an 'any' type.
components/AvatarSelector.tsx(53,41): error TS7006: Parameter 'f' implicitly has an 'any' type.
components/AvatarSelector.tsx(54,47): error TS7006: Parameter 'f' implicitly has an 'any' type.
components/GlobalNavigation.tsx(8,26): error TS7016: Could not find a declaration file for module '@/lib/supabase'. '/Users/dukey/Documents/shufflers8/lib/supabase.js' implicitly has an 'any' type.
lib/hooks/useFetchSupabaseData.ts(5,26): error TS7016: Could not find a declaration file for module '@/lib/supabase'. '/Users/dukey/Documents/shufflers8/lib/supabase.js' implicitly has an 'any' type.

--- STDERR ---
